[2025-05-22T09:31:27.333405+00:00] vietiso.ERROR: Vietiso\Core\Http\Exception\NotFoundHttpException: Not Found in /var/www/html/core/Route/RouteDispacher.php:35
Stack trace:
#0 /var/www/html/core/Pipeline/Pipeline.php(33): Vietiso\Core\Route\RouteDispacher->Vietiso\Core\Route\{closure}()
#1 /var/www/html/core/Middleware/TransformsRequest.php(19): Vietiso\Core\Pipeline\Pipeline->Vietiso\Core\Pipeline\{closure}()
#2 /var/www/html/core/Pipeline/Pipeline.php(29): Vietiso\Core\Middleware\TransformsRequest->handle()
#3 /var/www/html/core/Middleware/TransformsRequest.php(19): Vietiso\Core\Pipeline\Pipeline->Vietiso\Core\Pipeline\{closure}()
#4 /var/www/html/core/Pipeline/Pipeline.php(29): Vietiso\Core\Middleware\TransformsRequest->handle()
#5 /var/www/html/core/Http/Middleware/HandleException.php(17): Vietiso\Core\Pipeline\Pipeline->Vietiso\Core\Pipeline\{closure}()
#6 /var/www/html/core/Pipeline/Pipeline.php(29): Vietiso\Core\Http\Middleware\HandleException->handle()
#7 /var/www/html/core/Middleware/HandleCors.php(15): Vietiso\Core\Pipeline\Pipeline->Vietiso\Core\Pipeline\{closure}()
#8 /var/www/html/core/Pipeline/Pipeline.php(29): Vietiso\Core\Middleware\HandleCors->handle()
#9 /var/www/html/core/Middleware/TrustProxies.php(49): Vietiso\Core\Pipeline\Pipeline->Vietiso\Core\Pipeline\{closure}()
#10 /var/www/html/core/Pipeline/Pipeline.php(29): Vietiso\Core\Middleware\TrustProxies->handle()
#11 /var/www/html/core/Pipeline/Pipeline.php(81): Vietiso\Core\Pipeline\Pipeline->Vietiso\Core\Pipeline\{closure}()
#12 /var/www/html/core/Route/RouteDispacher.php(70): Vietiso\Core\Pipeline\Pipeline->then()
#13 /var/www/html/core/Server/Events/RequestEvent.php(17): Vietiso\Core\Route\RouteDispacher->handle()
#14 [internal function]: Vietiso\Core\Server\Events\RequestEvent->handle()
#15 {main}  
[2025-05-22T09:31:32.804083+00:00] vietiso.ERROR: Vietiso\Core\Http\Exception\NotFoundHttpException: Not Found in /var/www/html/core/Route/RouteDispacher.php:35
Stack trace:
#0 /var/www/html/core/Pipeline/Pipeline.php(33): Vietiso\Core\Route\RouteDispacher->Vietiso\Core\Route\{closure}()
#1 /var/www/html/core/Middleware/TransformsRequest.php(19): Vietiso\Core\Pipeline\Pipeline->Vietiso\Core\Pipeline\{closure}()
#2 /var/www/html/core/Pipeline/Pipeline.php(29): Vietiso\Core\Middleware\TransformsRequest->handle()
#3 /var/www/html/core/Middleware/TransformsRequest.php(19): Vietiso\Core\Pipeline\Pipeline->Vietiso\Core\Pipeline\{closure}()
#4 /var/www/html/core/Pipeline/Pipeline.php(29): Vietiso\Core\Middleware\TransformsRequest->handle()
#5 /var/www/html/core/Http/Middleware/HandleException.php(17): Vietiso\Core\Pipeline\Pipeline->Vietiso\Core\Pipeline\{closure}()
#6 /var/www/html/core/Pipeline/Pipeline.php(29): Vietiso\Core\Http\Middleware\HandleException->handle()
#7 /var/www/html/core/Middleware/HandleCors.php(15): Vietiso\Core\Pipeline\Pipeline->Vietiso\Core\Pipeline\{closure}()
#8 /var/www/html/core/Pipeline/Pipeline.php(29): Vietiso\Core\Middleware\HandleCors->handle()
#9 /var/www/html/core/Middleware/TrustProxies.php(49): Vietiso\Core\Pipeline\Pipeline->Vietiso\Core\Pipeline\{closure}()
#10 /var/www/html/core/Pipeline/Pipeline.php(29): Vietiso\Core\Middleware\TrustProxies->handle()
#11 /var/www/html/core/Pipeline/Pipeline.php(81): Vietiso\Core\Pipeline\Pipeline->Vietiso\Core\Pipeline\{closure}()
#12 /var/www/html/core/Route/RouteDispacher.php(70): Vietiso\Core\Pipeline\Pipeline->then()
#13 /var/www/html/core/Server/Events/RequestEvent.php(17): Vietiso\Core\Route\RouteDispacher->handle()
#14 [internal function]: Vietiso\Core\Server\Events\RequestEvent->handle()
#15 {main}  
[2025-05-22T09:31:48.911621+00:00] vietiso.ERROR: Vietiso\Core\Http\Exception\NotFoundHttpException: Not Found in /var/www/html/core/Route/RouteDispacher.php:35
Stack trace:
#0 /var/www/html/core/Pipeline/Pipeline.php(33): Vietiso\Core\Route\RouteDispacher->Vietiso\Core\Route\{closure}()
#1 /var/www/html/core/Middleware/TransformsRequest.php(19): Vietiso\Core\Pipeline\Pipeline->Vietiso\Core\Pipeline\{closure}()
#2 /var/www/html/core/Pipeline/Pipeline.php(29): Vietiso\Core\Middleware\TransformsRequest->handle()
#3 /var/www/html/core/Middleware/TransformsRequest.php(19): Vietiso\Core\Pipeline\Pipeline->Vietiso\Core\Pipeline\{closure}()
#4 /var/www/html/core/Pipeline/Pipeline.php(29): Vietiso\Core\Middleware\TransformsRequest->handle()
#5 /var/www/html/core/Http/Middleware/HandleException.php(17): Vietiso\Core\Pipeline\Pipeline->Vietiso\Core\Pipeline\{closure}()
#6 /var/www/html/core/Pipeline/Pipeline.php(29): Vietiso\Core\Http\Middleware\HandleException->handle()
#7 /var/www/html/core/Middleware/HandleCors.php(15): Vietiso\Core\Pipeline\Pipeline->Vietiso\Core\Pipeline\{closure}()
#8 /var/www/html/core/Pipeline/Pipeline.php(29): Vietiso\Core\Middleware\HandleCors->handle()
#9 /var/www/html/core/Middleware/TrustProxies.php(49): Vietiso\Core\Pipeline\Pipeline->Vietiso\Core\Pipeline\{closure}()
#10 /var/www/html/core/Pipeline/Pipeline.php(29): Vietiso\Core\Middleware\TrustProxies->handle()
#11 /var/www/html/core/Pipeline/Pipeline.php(81): Vietiso\Core\Pipeline\Pipeline->Vietiso\Core\Pipeline\{closure}()
#12 /var/www/html/core/Route/RouteDispacher.php(70): Vietiso\Core\Pipeline\Pipeline->then()
#13 /var/www/html/core/Server/Events/RequestEvent.php(17): Vietiso\Core\Route\RouteDispacher->handle()
#14 [internal function]: Vietiso\Core\Server\Events\RequestEvent->handle()
#15 {main}  
[2025-05-22T09:52:00.218587+00:00] vietiso.ERROR: Vietiso\Core\Http\Exception\NotFoundHttpException: Not Found in /var/www/html/core/Route/RouteDispacher.php:35
Stack trace:
#0 /var/www/html/core/Pipeline/Pipeline.php(33): Vietiso\Core\Route\RouteDispacher->Vietiso\Core\Route\{closure}()
#1 /var/www/html/core/Middleware/TransformsRequest.php(19): Vietiso\Core\Pipeline\Pipeline->Vietiso\Core\Pipeline\{closure}()
#2 /var/www/html/core/Pipeline/Pipeline.php(29): Vietiso\Core\Middleware\TransformsRequest->handle()
#3 /var/www/html/core/Middleware/TransformsRequest.php(19): Vietiso\Core\Pipeline\Pipeline->Vietiso\Core\Pipeline\{closure}()
#4 /var/www/html/core/Pipeline/Pipeline.php(29): Vietiso\Core\Middleware\TransformsRequest->handle()
#5 /var/www/html/core/Http/Middleware/HandleException.php(17): Vietiso\Core\Pipeline\Pipeline->Vietiso\Core\Pipeline\{closure}()
#6 /var/www/html/core/Pipeline/Pipeline.php(29): Vietiso\Core\Http\Middleware\HandleException->handle()
#7 /var/www/html/core/Middleware/HandleCors.php(15): Vietiso\Core\Pipeline\Pipeline->Vietiso\Core\Pipeline\{closure}()
#8 /var/www/html/core/Pipeline/Pipeline.php(29): Vietiso\Core\Middleware\HandleCors->handle()
#9 /var/www/html/core/Middleware/TrustProxies.php(49): Vietiso\Core\Pipeline\Pipeline->Vietiso\Core\Pipeline\{closure}()
#10 /var/www/html/core/Pipeline/Pipeline.php(29): Vietiso\Core\Middleware\TrustProxies->handle()
#11 /var/www/html/core/Pipeline/Pipeline.php(81): Vietiso\Core\Pipeline\Pipeline->Vietiso\Core\Pipeline\{closure}()
#12 /var/www/html/core/Route/RouteDispacher.php(70): Vietiso\Core\Pipeline\Pipeline->then()
#13 /var/www/html/core/Server/Events/RequestEvent.php(17): Vietiso\Core\Route\RouteDispacher->handle()
#14 [internal function]: Vietiso\Core\Server\Events\RequestEvent->handle()
#15 {main}  
[2025-05-22T09:52:03.342276+00:00] vietiso.ERROR: Vietiso\Core\Http\Exception\NotFoundHttpException: Not Found in /var/www/html/core/Route/RouteDispacher.php:35
Stack trace:
#0 /var/www/html/core/Pipeline/Pipeline.php(33): Vietiso\Core\Route\RouteDispacher->Vietiso\Core\Route\{closure}()
#1 /var/www/html/core/Middleware/TransformsRequest.php(19): Vietiso\Core\Pipeline\Pipeline->Vietiso\Core\Pipeline\{closure}()
#2 /var/www/html/core/Pipeline/Pipeline.php(29): Vietiso\Core\Middleware\TransformsRequest->handle()
#3 /var/www/html/core/Middleware/TransformsRequest.php(19): Vietiso\Core\Pipeline\Pipeline->Vietiso\Core\Pipeline\{closure}()
#4 /var/www/html/core/Pipeline/Pipeline.php(29): Vietiso\Core\Middleware\TransformsRequest->handle()
#5 /var/www/html/core/Http/Middleware/HandleException.php(17): Vietiso\Core\Pipeline\Pipeline->Vietiso\Core\Pipeline\{closure}()
#6 /var/www/html/core/Pipeline/Pipeline.php(29): Vietiso\Core\Http\Middleware\HandleException->handle()
#7 /var/www/html/core/Middleware/HandleCors.php(15): Vietiso\Core\Pipeline\Pipeline->Vietiso\Core\Pipeline\{closure}()
#8 /var/www/html/core/Pipeline/Pipeline.php(29): Vietiso\Core\Middleware\HandleCors->handle()
#9 /var/www/html/core/Middleware/TrustProxies.php(49): Vietiso\Core\Pipeline\Pipeline->Vietiso\Core\Pipeline\{closure}()
#10 /var/www/html/core/Pipeline/Pipeline.php(29): Vietiso\Core\Middleware\TrustProxies->handle()
#11 /var/www/html/core/Pipeline/Pipeline.php(81): Vietiso\Core\Pipeline\Pipeline->Vietiso\Core\Pipeline\{closure}()
#12 /var/www/html/core/Route/RouteDispacher.php(70): Vietiso\Core\Pipeline\Pipeline->then()
#13 /var/www/html/core/Server/Events/RequestEvent.php(17): Vietiso\Core\Route\RouteDispacher->handle()
#14 [internal function]: Vietiso\Core\Server\Events\RequestEvent->handle()
#15 {main}  
[2025-05-22T09:52:12.572685+00:00] vietiso.ERROR: Vietiso\Core\Http\Exception\NotFoundHttpException: Not Found in /var/www/html/core/Route/RouteDispacher.php:35
Stack trace:
#0 /var/www/html/core/Pipeline/Pipeline.php(33): Vietiso\Core\Route\RouteDispacher->Vietiso\Core\Route\{closure}()
#1 /var/www/html/core/Middleware/TransformsRequest.php(19): Vietiso\Core\Pipeline\Pipeline->Vietiso\Core\Pipeline\{closure}()
#2 /var/www/html/core/Pipeline/Pipeline.php(29): Vietiso\Core\Middleware\TransformsRequest->handle()
#3 /var/www/html/core/Middleware/TransformsRequest.php(19): Vietiso\Core\Pipeline\Pipeline->Vietiso\Core\Pipeline\{closure}()
#4 /var/www/html/core/Pipeline/Pipeline.php(29): Vietiso\Core\Middleware\TransformsRequest->handle()
#5 /var/www/html/core/Http/Middleware/HandleException.php(17): Vietiso\Core\Pipeline\Pipeline->Vietiso\Core\Pipeline\{closure}()
#6 /var/www/html/core/Pipeline/Pipeline.php(29): Vietiso\Core\Http\Middleware\HandleException->handle()
#7 /var/www/html/core/Middleware/HandleCors.php(15): Vietiso\Core\Pipeline\Pipeline->Vietiso\Core\Pipeline\{closure}()
#8 /var/www/html/core/Pipeline/Pipeline.php(29): Vietiso\Core\Middleware\HandleCors->handle()
#9 /var/www/html/core/Middleware/TrustProxies.php(49): Vietiso\Core\Pipeline\Pipeline->Vietiso\Core\Pipeline\{closure}()
#10 /var/www/html/core/Pipeline/Pipeline.php(29): Vietiso\Core\Middleware\TrustProxies->handle()
#11 /var/www/html/core/Pipeline/Pipeline.php(81): Vietiso\Core\Pipeline\Pipeline->Vietiso\Core\Pipeline\{closure}()
#12 /var/www/html/core/Route/RouteDispacher.php(70): Vietiso\Core\Pipeline\Pipeline->then()
#13 /var/www/html/core/Server/Events/RequestEvent.php(17): Vietiso\Core\Route\RouteDispacher->handle()
#14 [internal function]: Vietiso\Core\Server\Events\RequestEvent->handle()
#15 {main}  
[2025-05-22T09:54:22.476016+00:00] vietiso.ERROR: Vietiso\Core\Http\Exception\NotFoundHttpException: Not Found in /var/www/html/core/Route/RouteDispacher.php:35
Stack trace:
#0 /var/www/html/core/Pipeline/Pipeline.php(33): Vietiso\Core\Route\RouteDispacher->Vietiso\Core\Route\{closure}()
#1 /var/www/html/core/Middleware/TransformsRequest.php(19): Vietiso\Core\Pipeline\Pipeline->Vietiso\Core\Pipeline\{closure}()
#2 /var/www/html/core/Pipeline/Pipeline.php(29): Vietiso\Core\Middleware\TransformsRequest->handle()
#3 /var/www/html/core/Middleware/TransformsRequest.php(19): Vietiso\Core\Pipeline\Pipeline->Vietiso\Core\Pipeline\{closure}()
#4 /var/www/html/core/Pipeline/Pipeline.php(29): Vietiso\Core\Middleware\TransformsRequest->handle()
#5 /var/www/html/core/Http/Middleware/HandleException.php(17): Vietiso\Core\Pipeline\Pipeline->Vietiso\Core\Pipeline\{closure}()
#6 /var/www/html/core/Pipeline/Pipeline.php(29): Vietiso\Core\Http\Middleware\HandleException->handle()
#7 /var/www/html/core/Middleware/HandleCors.php(15): Vietiso\Core\Pipeline\Pipeline->Vietiso\Core\Pipeline\{closure}()
#8 /var/www/html/core/Pipeline/Pipeline.php(29): Vietiso\Core\Middleware\HandleCors->handle()
#9 /var/www/html/core/Middleware/TrustProxies.php(49): Vietiso\Core\Pipeline\Pipeline->Vietiso\Core\Pipeline\{closure}()
#10 /var/www/html/core/Pipeline/Pipeline.php(29): Vietiso\Core\Middleware\TrustProxies->handle()
#11 /var/www/html/core/Pipeline/Pipeline.php(81): Vietiso\Core\Pipeline\Pipeline->Vietiso\Core\Pipeline\{closure}()
#12 /var/www/html/core/Route/RouteDispacher.php(70): Vietiso\Core\Pipeline\Pipeline->then()
#13 /var/www/html/core/Server/Events/RequestEvent.php(17): Vietiso\Core\Route\RouteDispacher->handle()
#14 [internal function]: Vietiso\Core\Server\Events\RequestEvent->handle()
#15 {main}  
[2025-05-22T09:55:21.223986+00:00] vietiso.ERROR: Vietiso\Core\Http\Exception\NotFoundHttpException: Not Found in /var/www/html/core/Route/RouteDispacher.php:35
Stack trace:
#0 /var/www/html/core/Pipeline/Pipeline.php(33): Vietiso\Core\Route\RouteDispacher->Vietiso\Core\Route\{closure}()
#1 /var/www/html/core/Middleware/TransformsRequest.php(19): Vietiso\Core\Pipeline\Pipeline->Vietiso\Core\Pipeline\{closure}()
#2 /var/www/html/core/Pipeline/Pipeline.php(29): Vietiso\Core\Middleware\TransformsRequest->handle()
#3 /var/www/html/core/Middleware/TransformsRequest.php(19): Vietiso\Core\Pipeline\Pipeline->Vietiso\Core\Pipeline\{closure}()
#4 /var/www/html/core/Pipeline/Pipeline.php(29): Vietiso\Core\Middleware\TransformsRequest->handle()
#5 /var/www/html/core/Http/Middleware/HandleException.php(17): Vietiso\Core\Pipeline\Pipeline->Vietiso\Core\Pipeline\{closure}()
#6 /var/www/html/core/Pipeline/Pipeline.php(29): Vietiso\Core\Http\Middleware\HandleException->handle()
#7 /var/www/html/core/Middleware/HandleCors.php(15): Vietiso\Core\Pipeline\Pipeline->Vietiso\Core\Pipeline\{closure}()
#8 /var/www/html/core/Pipeline/Pipeline.php(29): Vietiso\Core\Middleware\HandleCors->handle()
#9 /var/www/html/core/Middleware/TrustProxies.php(49): Vietiso\Core\Pipeline\Pipeline->Vietiso\Core\Pipeline\{closure}()
#10 /var/www/html/core/Pipeline/Pipeline.php(29): Vietiso\Core\Middleware\TrustProxies->handle()
#11 /var/www/html/core/Pipeline/Pipeline.php(81): Vietiso\Core\Pipeline\Pipeline->Vietiso\Core\Pipeline\{closure}()
#12 /var/www/html/core/Route/RouteDispacher.php(70): Vietiso\Core\Pipeline\Pipeline->then()
#13 /var/www/html/core/Server/Events/RequestEvent.php(17): Vietiso\Core\Route\RouteDispacher->handle()
#14 [internal function]: Vietiso\Core\Server\Events\RequestEvent->handle()
#15 {main}  
[2025-05-22T09:56:28.563806+00:00] vietiso.ERROR: ParseError: syntax error, unexpected integer "1", expecting "function" in /var/www/html/modules/tour/src/Controllers/TourController.php:26
Stack trace:
#0 [internal function]: Vietiso\Core\Module\ModuleInstaller->Vietiso\Core\Module\{closure}()
#1 /var/www/html/core/Route/RouteCollection.php(88): ReflectionClass->__construct()
#2 /var/www/html/core/Module/ModuleInstaller.php(56): Vietiso\Core\Route\RouteCollection->register()
#3 /var/www/html/core/Module/ModuleServiceProvider.php(27): Vietiso\Core\Module\ModuleInstaller->install()
#4 /var/www/html/core/Container/ServiceProviderManager.php(26): Vietiso\Core\Module\ModuleServiceProvider->boot()
#5 /var/www/html/core/App.php(165): Vietiso\Core\Container\ServiceProviderManager->boot()
#6 /var/www/html/core/App.php(136): Vietiso\Core\App->bootServiceProviders()
#7 /var/www/html/vietiso(36): Vietiso\Core\App->start()
#8 {main}  
[2025-05-22T09:57:52.385494+00:00] vietiso.ERROR: Vietiso\Core\ErrorHandler\Exception\DumperException in /var/www/html/core/functions.php:33
Stack trace:
#0 /var/www/html/modules/tour/src/Controllers/TourController.php(24): dd()
#1 /var/www/html/core/Route/RouteDispacher.php(51): Vietiso\Modules\Tour\Controllers\TourController->getListTour()
#2 /var/www/html/core/Pipeline/Pipeline.php(33): Vietiso\Core\Route\RouteDispacher->Vietiso\Core\Route\{closure}()
#3 /var/www/html/core/Middleware/TransformsRequest.php(19): Vietiso\Core\Pipeline\Pipeline->Vietiso\Core\Pipeline\{closure}()
#4 /var/www/html/core/Pipeline/Pipeline.php(29): Vietiso\Core\Middleware\TransformsRequest->handle()
#5 /var/www/html/core/Middleware/TransformsRequest.php(19): Vietiso\Core\Pipeline\Pipeline->Vietiso\Core\Pipeline\{closure}()
#6 /var/www/html/core/Pipeline/Pipeline.php(29): Vietiso\Core\Middleware\TransformsRequest->handle()
#7 /var/www/html/core/Http/Middleware/HandleException.php(17): Vietiso\Core\Pipeline\Pipeline->Vietiso\Core\Pipeline\{closure}()
#8 /var/www/html/core/Pipeline/Pipeline.php(29): Vietiso\Core\Http\Middleware\HandleException->handle()
#9 /var/www/html/core/Middleware/HandleCors.php(15): Vietiso\Core\Pipeline\Pipeline->Vietiso\Core\Pipeline\{closure}()
#10 /var/www/html/core/Pipeline/Pipeline.php(29): Vietiso\Core\Middleware\HandleCors->handle()
#11 /var/www/html/core/Middleware/TrustProxies.php(49): Vietiso\Core\Pipeline\Pipeline->Vietiso\Core\Pipeline\{closure}()
#12 /var/www/html/core/Pipeline/Pipeline.php(29): Vietiso\Core\Middleware\TrustProxies->handle()
#13 /var/www/html/core/Pipeline/Pipeline.php(81): Vietiso\Core\Pipeline\Pipeline->Vietiso\Core\Pipeline\{closure}()
#14 /var/www/html/core/Route/RouteDispacher.php(70): Vietiso\Core\Pipeline\Pipeline->then()
#15 /var/www/html/core/Server/Events/RequestEvent.php(17): Vietiso\Core\Route\RouteDispacher->handle()
#16 [internal function]: Vietiso\Core\Server\Events\RequestEvent->handle()
#17 {main}  
[2025-05-22T09:58:15.375354+00:00] vietiso.ERROR: Vietiso\Core\ErrorHandler\Exception\DumperException in /var/www/html/core/functions.php:33
Stack trace:
#0 /var/www/html/modules/tour/src/Controllers/TourController.php(24): dd()
#1 /var/www/html/core/Route/RouteDispacher.php(51): Vietiso\Modules\Tour\Controllers\TourController->getListTour()
#2 /var/www/html/core/Pipeline/Pipeline.php(33): Vietiso\Core\Route\RouteDispacher->Vietiso\Core\Route\{closure}()
#3 /var/www/html/core/Middleware/TransformsRequest.php(19): Vietiso\Core\Pipeline\Pipeline->Vietiso\Core\Pipeline\{closure}()
#4 /var/www/html/core/Pipeline/Pipeline.php(29): Vietiso\Core\Middleware\TransformsRequest->handle()
#5 /var/www/html/core/Middleware/TransformsRequest.php(19): Vietiso\Core\Pipeline\Pipeline->Vietiso\Core\Pipeline\{closure}()
#6 /var/www/html/core/Pipeline/Pipeline.php(29): Vietiso\Core\Middleware\TransformsRequest->handle()
#7 /var/www/html/core/Http/Middleware/HandleException.php(17): Vietiso\Core\Pipeline\Pipeline->Vietiso\Core\Pipeline\{closure}()
#8 /var/www/html/core/Pipeline/Pipeline.php(29): Vietiso\Core\Http\Middleware\HandleException->handle()
#9 /var/www/html/core/Middleware/HandleCors.php(15): Vietiso\Core\Pipeline\Pipeline->Vietiso\Core\Pipeline\{closure}()
#10 /var/www/html/core/Pipeline/Pipeline.php(29): Vietiso\Core\Middleware\HandleCors->handle()
#11 /var/www/html/core/Middleware/TrustProxies.php(49): Vietiso\Core\Pipeline\Pipeline->Vietiso\Core\Pipeline\{closure}()
#12 /var/www/html/core/Pipeline/Pipeline.php(29): Vietiso\Core\Middleware\TrustProxies->handle()
#13 /var/www/html/core/Pipeline/Pipeline.php(81): Vietiso\Core\Pipeline\Pipeline->Vietiso\Core\Pipeline\{closure}()
#14 /var/www/html/core/Route/RouteDispacher.php(70): Vietiso\Core\Pipeline\Pipeline->then()
#15 /var/www/html/core/Server/Events/RequestEvent.php(17): Vietiso\Core\Route\RouteDispacher->handle()
#16 [internal function]: Vietiso\Core\Server\Events\RequestEvent->handle()
#17 {main}  
[2025-05-22T09:58:27.907769+00:00] vietiso.ERROR: Vietiso\Core\ErrorHandler\Exception\DumperException in /var/www/html/core/functions.php:33
Stack trace:
#0 /var/www/html/modules/tour/src/Controllers/TourController.php(24): dd()
#1 /var/www/html/core/Route/RouteDispacher.php(51): Vietiso\Modules\Tour\Controllers\TourController->getListTour()
#2 /var/www/html/core/Pipeline/Pipeline.php(33): Vietiso\Core\Route\RouteDispacher->Vietiso\Core\Route\{closure}()
#3 /var/www/html/core/Middleware/TransformsRequest.php(19): Vietiso\Core\Pipeline\Pipeline->Vietiso\Core\Pipeline\{closure}()
#4 /var/www/html/core/Pipeline/Pipeline.php(29): Vietiso\Core\Middleware\TransformsRequest->handle()
#5 /var/www/html/core/Middleware/TransformsRequest.php(19): Vietiso\Core\Pipeline\Pipeline->Vietiso\Core\Pipeline\{closure}()
#6 /var/www/html/core/Pipeline/Pipeline.php(29): Vietiso\Core\Middleware\TransformsRequest->handle()
#7 /var/www/html/core/Http/Middleware/HandleException.php(17): Vietiso\Core\Pipeline\Pipeline->Vietiso\Core\Pipeline\{closure}()
#8 /var/www/html/core/Pipeline/Pipeline.php(29): Vietiso\Core\Http\Middleware\HandleException->handle()
#9 /var/www/html/core/Middleware/HandleCors.php(15): Vietiso\Core\Pipeline\Pipeline->Vietiso\Core\Pipeline\{closure}()
#10 /var/www/html/core/Pipeline/Pipeline.php(29): Vietiso\Core\Middleware\HandleCors->handle()
#11 /var/www/html/core/Middleware/TrustProxies.php(49): Vietiso\Core\Pipeline\Pipeline->Vietiso\Core\Pipeline\{closure}()
#12 /var/www/html/core/Pipeline/Pipeline.php(29): Vietiso\Core\Middleware\TrustProxies->handle()
#13 /var/www/html/core/Pipeline/Pipeline.php(81): Vietiso\Core\Pipeline\Pipeline->Vietiso\Core\Pipeline\{closure}()
#14 /var/www/html/core/Route/RouteDispacher.php(70): Vietiso\Core\Pipeline\Pipeline->then()
#15 /var/www/html/core/Server/Events/RequestEvent.php(17): Vietiso\Core\Route\RouteDispacher->handle()
#16 [internal function]: Vietiso\Core\Server\Events\RequestEvent->handle()
#17 {main}  
